<?xml version="1.0" encoding="UTF-8"?>
<!-- Generated by org.testng.reporters.JUnitReportReporter -->
<testsuite hostname="LAPTOP-55U1L3LS" failures="0" tests="1" name="Fb_Automation.Tables" time="2.060" errors="0" timestamp="2023-02-07T12:10:16 IST" skipped="0">
  <testcase classname="Fb_Automation.Tables" name="WebTable" time="2.060"/>
  <system-out/>
</testsuite> <!-- Fb_Automation.Tables -->
