<?xml version="1.0" encoding="UTF-8"?>
<!-- Generated by org.testng.reporters.JUnitReportReporter -->
<testsuite hostname="LAPTOP-55U1L3LS" failures="0" tests="1" name="Fb_Automation.FileUpload" time="5.626" errors="0" timestamp="2023-02-07T12:18:13 IST" skipped="0">
  <testcase classname="Fb_Automation.FileUpload" name="download" time="5.626"/>
  <system-out/>
</testsuite> <!-- Fb_Automation.FileUpload -->
