<?xml version="1.0" encoding="UTF-8"?>
<!-- Generated by org.testng.reporters.JUnitReportReporter -->
<testsuite hostname="LAPTOP-55U1L3LS" failures="0" tests="1" name="Fb_Automation.Login" time="9.158" errors="0" timestamp="2023-02-06T12:44:56 IST" skipped="0">
  <testcase classname="Fb_Automation.Login" name="scroll" time="9.158"/>
  <system-out/>
</testsuite> <!-- Fb_Automation.Login -->
