<?xml version="1.0" encoding="UTF-8"?>
<!-- Generated by org.testng.reporters.JUnitReportReporter -->
<testsuite hostname="LAPTOP-55U1L3LS" failures="0" tests="1" name="Fb_Automation.PopUp" time="17.961" errors="0" timestamp="2023-02-07T12:39:15 IST" skipped="0">
  <testcase classname="Fb_Automation.PopUp" name="hidepopup" time="17.961"/>
  <system-out/>
</testsuite> <!-- Fb_Automation.PopUp -->
