<?xml version="1.0" encoding="UTF-8"?>
<!-- Generated by org.testng.reporters.JUnitReportReporter -->
<testsuite hostname="LAPTOP-55U1L3LS" failures="0" tests="1" name="Fb_Automation.Action" time="6.696" errors="0" timestamp="2023-02-07T12:54:59 IST" skipped="0">
  <testcase classname="Fb_Automation.Action" name="doublClick" time="6.696"/>
  <system-out/>
</testsuite> <!-- Fb_Automation.Action -->
