<?xml version="1.0" encoding="UTF-8"?>
<!-- Generated by org.testng.reporters.JUnitReportReporter -->
<testsuite hostname="LAPTOP-55U1L3LS" failures="0" tests="1" name="Fb_Automation.JS_Disabled_Field" time="8.959" errors="0" timestamp="2023-02-07T12:06:01 IST" skipped="0">
  <testcase classname="Fb_Automation.JS_Disabled_Field" name="Scroll" time="8.959"/>
  <system-out/>
</testsuite> <!-- Fb_Automation.JS_Disabled_Field -->
