<?xml version="1.0" encoding="UTF-8"?>
<!-- Generated by org.testng.reporters.JUnitReportReporter -->
<testsuite hostname="LAPTOP-55U1L3LS" failures="0" tests="1" name="Fb_Automation.Selectmethod" time="4.754" errors="0" timestamp="2023-02-07T12:11:12 IST" skipped="0">
  <testcase classname="Fb_Automation.Selectmethod" name="byId" time="4.754"/>
  <system-out/>
</testsuite> <!-- Fb_Automation.Selectmethod -->
